<?xml version="1.0" encoding="UTF-8"?>
<testsuite name="com.soongsil.graduateproject.repository.MemberRepositoryTest" tests="1" skipped="0" failures="0" errors="0" timestamp="2024-10-16T03:51:01" hostname="igeons-MacBook-Air.local" time="0.08">
  <properties/>
  <testcase name="회원 가입 테스트" classname="com.soongsil.graduateproject.repository.MemberRepositoryTest" time="0.08"/>
  <system-out><![CDATA[2024-10-16 12:51:01.663  INFO 19013 --- [    Test worker] .b.t.c.SpringBootTestContextBootstrapper : Neither @ContextConfiguration nor @ContextHierarchy found for test class [com.soongsil.graduateproject.repository.MemberRepositoryTest], using SpringBootContextLoader
2024-10-16 12:51:01.664  INFO 19013 --- [    Test worker] o.s.t.c.support.AbstractContextLoader    : Could not detect default resource locations for test class [com.soongsil.graduateproject.repository.MemberRepositoryTest]: no resource found for suffixes {-context.xml, Context.groovy}.
2024-10-16 12:51:01.664  INFO 19013 --- [    Test worker] t.c.s.AnnotationConfigContextLoaderUtils : Could not detect default configuration classes for test class [com.soongsil.graduateproject.repository.MemberRepositoryTest]: MemberRepositoryTest does not declare any static, non-private, non-final, nested classes annotated with @Configuration.
2024-10-16 12:51:01.670  INFO 19013 --- [    Test worker] .b.t.c.SpringBootTestContextBootstrapper : Found @SpringBootConfiguration com.soongsil.graduateproject.GraduateProjectApplication for test class com.soongsil.graduateproject.repository.MemberRepositoryTest
2024-10-16 12:51:01.671  INFO 19013 --- [    Test worker] .b.t.c.SpringBootTestContextBootstrapper : Loaded default TestExecutionListener class names from location [META-INF/spring.factories]: [org.springframework.boot.test.autoconfigure.restdocs.RestDocsTestExecutionListener, org.springframework.boot.test.autoconfigure.web.client.MockRestServiceServerResetTestExecutionListener, org.springframework.boot.test.autoconfigure.web.servlet.MockMvcPrintOnlyOnFailureTestExecutionListener, org.springframework.boot.test.autoconfigure.web.servlet.WebDriverTestExecutionListener, org.springframework.boot.test.autoconfigure.webservices.client.MockWebServiceServerTestExecutionListener, org.springframework.boot.test.mock.mockito.MockitoTestExecutionListener, org.springframework.boot.test.mock.mockito.ResetMocksTestExecutionListener, org.springframework.test.context.web.ServletTestExecutionListener, org.springframework.test.context.support.DirtiesContextBeforeModesTestExecutionListener, org.springframework.test.context.event.ApplicationEventsTestExecutionListener, org.springframework.test.context.support.DependencyInjectionTestExecutionListener, org.springframework.test.context.support.DirtiesContextTestExecutionListener, org.springframework.test.context.transaction.TransactionalTestExecutionListener, org.springframework.test.context.jdbc.SqlScriptsTestExecutionListener, org.springframework.test.context.event.EventPublishingTestExecutionListener]
2024-10-16 12:51:01.672  INFO 19013 --- [    Test worker] .b.t.c.SpringBootTestContextBootstrapper : Using TestExecutionListeners: [org.springframework.test.context.web.ServletTestExecutionListener@55f54852, org.springframework.test.context.support.DirtiesContextBeforeModesTestExecutionListener@4bca2a09, org.springframework.test.context.event.ApplicationEventsTestExecutionListener@5af8ef61, org.springframework.boot.test.mock.mockito.MockitoTestExecutionListener@5620470a, org.springframework.boot.test.autoconfigure.SpringBootDependencyInjectionTestExecutionListener@29682244, org.springframework.test.context.support.DirtiesContextTestExecutionListener@3368cf02, org.springframework.test.context.transaction.TransactionalTestExecutionListener@2e76ade9, org.springframework.test.context.jdbc.SqlScriptsTestExecutionListener@7a3ab73a, org.springframework.test.context.event.EventPublishingTestExecutionListener@12a8d03b, org.springframework.boot.test.autoconfigure.restdocs.RestDocsTestExecutionListener@67cd1db3, org.springframework.boot.test.autoconfigure.web.client.MockRestServiceServerResetTestExecutionListener@7ccfed46, org.springframework.boot.test.autoconfigure.web.servlet.MockMvcPrintOnlyOnFailureTestExecutionListener@53630682, org.springframework.boot.test.autoconfigure.web.servlet.WebDriverTestExecutionListener@71e2ddd, org.springframework.boot.test.autoconfigure.webservices.client.MockWebServiceServerTestExecutionListener@8318808, org.springframework.boot.test.mock.mockito.ResetMocksTestExecutionListener@b97f195]
2024-10-16 12:51:01.678  INFO 19013 --- [    Test worker] o.s.t.c.transaction.TransactionContext   : Began transaction (1) for test context [DefaultTestContext@62b2bc2e testClass = MemberRepositoryTest, testInstance = com.soongsil.graduateproject.repository.MemberRepositoryTest@3e3d8e6c, testMethod = join@MemberRepositoryTest, testException = [null], mergedContextConfiguration = [WebMergedContextConfiguration@7fd3197b testClass = MemberRepositoryTest, locations = '{}', classes = '{class com.soongsil.graduateproject.GraduateProjectApplication}', contextInitializerClasses = '[]', activeProfiles = '{}', propertySourceLocations = '{}', propertySourceProperties = '{org.springframework.boot.test.context.SpringBootTestContextBootstrapper=true}', contextCustomizers = set[org.springframework.boot.test.autoconfigure.actuate.metrics.MetricsExportContextCustomizerFactory$DisableMetricExportContextCustomizer@2e48362c, org.springframework.boot.test.autoconfigure.properties.PropertyMappingContextCustomizer@0, org.springframework.boot.test.autoconfigure.web.servlet.WebDriverContextCustomizerFactory$Customizer@2421cc4, org.springframework.boot.test.context.filter.ExcludeFilterContextCustomizer@58ce9668, org.springframework.boot.test.json.DuplicateJsonObjectContextCustomizerFactory$DuplicateJsonObjectContextCustomizer@1fa1cab1, org.springframework.boot.test.mock.mockito.MockitoContextCustomizer@0, org.springframework.boot.test.web.client.TestRestTemplateContextCustomizer@8576fa0, org.springframework.boot.test.context.SpringBootTestArgs@1, org.springframework.boot.test.context.SpringBootTestWebEnvironment@561b6512], resourceBasePath = 'src/main/webapp', contextLoader = 'org.springframework.boot.test.context.SpringBootContextLoader', parent = [null]], attributes = map['org.springframework.test.context.web.ServletTestExecutionListener.activateListener' -> true, 'org.springframework.test.context.web.ServletTestExecutionListener.populatedRequestContextHolder' -> true, 'org.springframework.test.context.web.ServletTestExecutionListener.resetRequestContextHolder' -> true, 'org.springframework.test.context.event.ApplicationEventsTestExecutionListener.recordApplicationEvents' -> false]]; transaction manager [org.springframework.orm.jpa.JpaTransactionManager@5a8656a2]; rollback [true]
2024-10-16 12:51:01.755  INFO 19013 --- [    Test worker] o.s.t.c.transaction.TransactionContext   : Rolled back transaction for test: [DefaultTestContext@62b2bc2e testClass = MemberRepositoryTest, testInstance = com.soongsil.graduateproject.repository.MemberRepositoryTest@3e3d8e6c, testMethod = join@MemberRepositoryTest, testException = [null], mergedContextConfiguration = [WebMergedContextConfiguration@7fd3197b testClass = MemberRepositoryTest, locations = '{}', classes = '{class com.soongsil.graduateproject.GraduateProjectApplication}', contextInitializerClasses = '[]', activeProfiles = '{}', propertySourceLocations = '{}', propertySourceProperties = '{org.springframework.boot.test.context.SpringBootTestContextBootstrapper=true}', contextCustomizers = set[org.springframework.boot.test.autoconfigure.actuate.metrics.MetricsExportContextCustomizerFactory$DisableMetricExportContextCustomizer@2e48362c, org.springframework.boot.test.autoconfigure.properties.PropertyMappingContextCustomizer@0, org.springframework.boot.test.autoconfigure.web.servlet.WebDriverContextCustomizerFactory$Customizer@2421cc4, org.springframework.boot.test.context.filter.ExcludeFilterContextCustomizer@58ce9668, org.springframework.boot.test.json.DuplicateJsonObjectContextCustomizerFactory$DuplicateJsonObjectContextCustomizer@1fa1cab1, org.springframework.boot.test.mock.mockito.MockitoContextCustomizer@0, org.springframework.boot.test.web.client.TestRestTemplateContextCustomizer@8576fa0, org.springframework.boot.test.context.SpringBootTestArgs@1, org.springframework.boot.test.context.SpringBootTestWebEnvironment@561b6512], resourceBasePath = 'src/main/webapp', contextLoader = 'org.springframework.boot.test.context.SpringBootContextLoader', parent = [null]], attributes = map['org.springframework.test.context.web.ServletTestExecutionListener.activateListener' -> true, 'org.springframework.test.context.web.ServletTestExecutionListener.populatedRequestContextHolder' -> true, 'org.springframework.test.context.web.ServletTestExecutionListener.resetRequestContextHolder' -> true, 'org.springframework.test.context.event.ApplicationEventsTestExecutionListener.recordApplicationEvents' -> false]]
]]></system-out>
  <system-err><![CDATA[]]></system-err>
</testsuite>
